<?xml version="1.0" encoding="UTF-8"?>
<!-- Generated by org.testng.reporters.JUnitReportReporter -->
<testsuite hostname="WINDOWS-O6PMP8H" name="gapp.model.dao.UserDaoTest" tests="2" failures="0" timestamp="27 Jan 2016 00:29:06 GMT" time="0.475" errors="0">
  <testcase name="getUser" time="0.141" classname="gapp.model.dao.UserDaoTest"/>
  <testcase name="getUsers" time="0.334" classname="gapp.model.dao.UserDaoTest"/>
</testsuite> <!-- gapp.model.dao.UserDaoTest -->
