<?xml version="1.0" encoding="UTF-8"?>
<!-- Generated by org.testng.reporters.JUnitReportReporter -->
<testsuite hostname="WINDOWS-O6PMP8H" name="gapp.model.dao.GappAccountingDaoTest" tests="1" failures="0" timestamp="1 Feb 2016 21:27:52 GMT" time="0.511" errors="0">
  <testcase name="getGappAccounting" time="0.511" classname="gapp.model.dao.GappAccountingDaoTest"/>
</testsuite> <!-- gapp.model.dao.GappAccountingDaoTest -->
