<?xml version="1.0" encoding="UTF-8"?>
<!-- Generated by org.testng.reporters.JUnitReportReporter -->
<testsuite hostname="WINDOWS-O6PMP8H" name="gapp.model.dao.GappApplicationDaoTest" tests="1" failures="0" timestamp="1 Feb 2016 21:27:40 GMT" time="0.405" errors="0">
  <testcase name="getGappApplication" time="0.405" classname="gapp.model.dao.GappApplicationDaoTest"/>
</testsuite> <!-- gapp.model.dao.GappApplicationDaoTest -->
