<?xml version="1.0" encoding="UTF-8"?>
<!-- Generated by org.testng.reporters.JUnitReportReporter -->
<testsuite hostname="WINDOWS-O6PMP8H" name="gapp.model.dao.GappDepartmentDaoTest" tests="1" failures="0" timestamp="1 Feb 2016 21:27:27 GMT" time="0.390" errors="0">
  <testcase name="getGappDepartment" time="0.390" classname="gapp.model.dao.GappDepartmentDaoTest"/>
</testsuite> <!-- gapp.model.dao.GappDepartmentDaoTest -->
